TN:
SF:email.js
FN:7,Email
FN:19,sendMail
FN:36,<instance_members_initializer>
FN:36,sendOTP
FNF:4
FNH:4
FNDA:3,Email
FNDA:2,sendMail
FNDA:3,<instance_members_initializer>
FNDA:1,sendOTP
DA:1,1
DA:2,1
DA:3,1
DA:4,1
DA:5,1
DA:6,1
DA:7,1
DA:8,3
DA:9,3
DA:10,3
DA:11,3
DA:12,3
DA:13,3
DA:14,3
DA:15,3
DA:16,3
DA:17,3
DA:18,3
DA:19,1
DA:20,2
DA:21,2
DA:22,2
DA:23,2
DA:24,2
DA:25,2
DA:26,2
DA:27,2
DA:28,1
DA:29,1
DA:30,1
DA:31,1
DA:32,1
DA:33,2
DA:34,2
DA:35,1
DA:36,1
DA:37,1
DA:38,1
DA:39,1
DA:40,1
LF:40
LH:40
BRDA:1,0,0,1
BRDA:7,1,0,3
BRDA:19,2,0,2
BRDA:26,3,0,2
BRDA:27,4,0,1
BRDA:36,5,0,3
BRDA:36,6,0,1
BRF:7
BRH:7
end_of_record
