TN:
SF:Components/database.js
FN:4,database
FN:14,connect
FN:25,findOne
FN:28,find
FN:31,insertOne
FN:34,updateOne
FN:37,update
FN:40,deleteOne
FNF:8
FNH:2
FNDA:1,database
FNDA:1,connect
FNDA:0,findOne
FNDA:0,find
FNDA:0,insertOne
FNDA:0,updateOne
FNDA:0,update
FNDA:0,deleteOne
DA:1,1
DA:2,1
DA:3,1
DA:4,1
DA:5,1
DA:6,1
DA:7,1
DA:8,1
DA:9,1
DA:10,1
DA:11,1
DA:12,1
DA:13,1
DA:14,1
DA:15,1
DA:16,1
DA:17,1
DA:18,1
DA:19,1
DA:20,1
DA:21,1
DA:22,1
DA:23,1
DA:24,1
DA:25,1
DA:26,0
DA:27,0
DA:28,1
DA:29,0
DA:30,0
DA:31,1
DA:32,0
DA:33,0
DA:34,1
DA:35,0
DA:36,0
DA:37,1
DA:38,0
DA:39,0
DA:40,1
DA:41,0
DA:42,0
DA:43,1
LF:43
LH:31
BRDA:1,0,0,1
BRDA:4,1,0,1
BRDA:14,2,0,1
BRF:3
BRH:3
end_of_record
TN:
SF:Components/email.js
FN:7,Email
FN:19,sendMail
FN:36,<instance_members_initializer>
FN:36,sendOTP
FNF:4
FNH:4
FNDA:3,Email
FNDA:2,sendMail
FNDA:3,<instance_members_initializer>
FNDA:1,sendOTP
DA:1,1
DA:2,1
DA:3,1
DA:4,1
DA:5,1
DA:6,1
DA:7,1
DA:8,3
DA:9,3
DA:10,3
DA:11,3
DA:12,3
DA:13,3
DA:14,3
DA:15,3
DA:16,3
DA:17,3
DA:18,3
DA:19,1
DA:20,2
DA:21,2
DA:22,2
DA:23,2
DA:24,2
DA:25,2
DA:26,2
DA:27,2
DA:28,2
DA:29,1
DA:30,1
DA:31,1
DA:32,1
DA:33,2
DA:34,2
DA:35,1
DA:36,1
DA:37,1
DA:38,1
DA:39,1
DA:40,1
LF:40
LH:40
BRDA:1,0,0,1
BRDA:7,1,0,3
BRDA:19,2,0,2
BRDA:27,3,0,2
BRDA:28,4,0,1
BRDA:36,5,0,3
BRDA:36,6,0,1
BRF:7
BRH:7
end_of_record
